<?xml version="1.0" encoding="UTF-8"?>
<!-- Generated by org.testng.reporters.JUnitXMLReporter -->
<testsuite ignored="0" hostname="Milindraj" failures="0" tests="6" name="Test" time="128.876" errors="0" timestamp="2020-10-06T01:36:14 IST">
  <testcase classname="com.learnautomation.testcases.HerokuappTest" name="AddorRemoveElements" time="3.161"/>
  <testcase classname="com.learnautomation.testcases.HerokuappTest" name="ClickCheckbox" time="3.601"/>
  <testcase classname="com.learnautomation.testcases.HerokuappTest" name="ClickContextMenu" time="1.975"/>
  <testcase classname="com.learnautomation.testcases.HerokuappTest" name="DragandDropElement" time="6.98"/>
  <testcase classname="com.learnautomation.testcases.HerokuappTest" name="SelectDropdown" time="3.078"/>
  <testcase classname="com.learnautomation.testcases.Test2" name="testmethod" time="0.004"/>
</testsuite> <!-- Test -->
